<?xml version="1.0" encoding="UTF-8"?>
<!-- Generated by org.testng.reporters.JUnitXMLReporter -->
<testsuite hostname="DESKTOP-922752F" ignored="0" name="Test" tests="1" failures="0" timestamp="21 Jan 2019 17:20:48 GMT" time="12.66" errors="0">
  <testcase name="@BeforeClass beforeClass" time="12.565" classname="tests.GoogleHomePage">
    <failure type="java.lang.IllegalMonitorStateException">
      <![CDATA[java.lang.IllegalMonitorStateException
at java.lang.Object.wait(Native Method)
at tests.GoogleHomePage.beforeClass(GoogleHomePage.java:25)
... Removed 26 stack frames]]>
    </failure>
  </testcase> <!-- @BeforeClass beforeClass -->
  <testcase name="@AfterClass afterClass" time="0.0" classname="tests.GoogleHomePage">
    <skipped/>
  </testcase> <!-- @AfterClass afterClass -->
  <testcase name="openMyBlog" time="0.0" classname="tests.GoogleHomePage">
    <skipped/>
  </testcase> <!-- openMyBlog -->
</testsuite> <!-- Test -->
