<?xml version="1.0" encoding="UTF-8"?>
<testng-results skipped="0" failed="0" total="1" passed="1">
  <reporter-output>
  </reporter-output>
  <suite name="Suite" duration-ms="11772" started-at="2019-01-22T10:28:44Z" finished-at="2019-01-22T10:28:55Z">
    <groups>
    </groups>
    <test name="Test" duration-ms="11772" started-at="2019-01-22T10:28:44Z" finished-at="2019-01-22T10:28:55Z">
      <class name="tests.GoogleHomePage">
        <test-method status="PASS" signature="beforeClass()[pri:0, instance:tests.GoogleHomePage@b684286]" name="beforeClass" is-config="true" duration-ms="4571" started-at="2019-01-22T15:58:44Z" finished-at="2019-01-22T15:58:48Z">
          <reporter-output>
          </reporter-output>
        </test-method> <!-- beforeClass -->
        <test-method status="PASS" signature="openMyBlog()[pri:0, instance:tests.GoogleHomePage@b684286]" name="openMyBlog" duration-ms="6370" started-at="2019-01-22T15:58:48Z" finished-at="2019-01-22T15:58:55Z">
          <reporter-output>
          </reporter-output>
        </test-method> <!-- openMyBlog -->
        <test-method status="PASS" signature="afterClass()[pri:0, instance:tests.GoogleHomePage@b684286]" name="afterClass" is-config="true" duration-ms="814" started-at="2019-01-22T15:58:55Z" finished-at="2019-01-22T15:58:55Z">
          <reporter-output>
          </reporter-output>
        </test-method> <!-- afterClass -->
      </class> <!-- tests.GoogleHomePage -->
    </test> <!-- Test -->
  </suite> <!-- Suite -->
</testng-results>
