<?xml version="1.0" encoding="UTF-8"?>
<testng-results skipped="0" failed="0" ignored="0" total="1" passed="1">
  <reporter-output>
  </reporter-output>
  <suite name="Default suite" duration-ms="18494" started-at="2019-01-21T17:24:18Z" finished-at="2019-01-21T17:24:37Z">
    <groups>
    </groups>
    <test name="Default test" duration-ms="18494" started-at="2019-01-21T17:24:18Z" finished-at="2019-01-21T17:24:37Z">
      <class name="tests.GoogleHomePage">
        <test-method status="PASS" signature="beforeClass()[pri:0, instance:tests.GoogleHomePage@224edc67]" name="beforeClass" is-config="true" duration-ms="9298" started-at="2019-01-21T17:24:18Z" finished-at="2019-01-21T17:24:27Z">
          <reporter-output>
          </reporter-output>
        </test-method> <!-- beforeClass -->
        <test-method status="PASS" signature="openMyBlog()[pri:0, instance:tests.GoogleHomePage@224edc67]" name="openMyBlog" duration-ms="8213" started-at="2019-01-21T17:24:27Z" finished-at="2019-01-21T17:24:36Z">
          <reporter-output>
          </reporter-output>
        </test-method> <!-- openMyBlog -->
        <test-method status="PASS" signature="afterClass()[pri:0, instance:tests.GoogleHomePage@224edc67]" name="afterClass" is-config="true" duration-ms="947" started-at="2019-01-21T17:24:36Z" finished-at="2019-01-21T17:24:37Z">
          <reporter-output>
          </reporter-output>
        </test-method> <!-- afterClass -->
      </class> <!-- tests.GoogleHomePage -->
    </test> <!-- Default test -->
  </suite> <!-- Default suite -->
</testng-results>
